{
  "stats": {
    "suites": 1,
    "tests": 2,
    "passes": 0,
    "pending": 0,
    "failures": 2,
    "start": "2021-09-28T07:07:51.866Z",
    "end": "2021-09-28T07:08:29.231Z",
    "duration": 37365,
    "testsRegistered": 2,
    "passPercent": 0,
    "pendingPercent": 0,
    "other": 0,
    "hasOther": false,
    "skipped": 0,
    "hasSkipped": false,
    "passPercentClass": "danger",
    "pendingPercentClass": "danger"
  },
  "suites": {
    "uuid": "2ae76760-cf3c-4e16-b714-617ae9958e09",
    "title": "",
    "fullFile": "",
    "file": "",
    "beforeHooks": [],
    "afterHooks": [],
    "tests": [],
    "suites": [
      {
        "uuid": "31c1b314-7bef-44f5-9855-2aa9540ac919",
        "title": "Google search automated testing",
        "fullFile": "/Users/huynguyen/Random_stuff/check_live_account/test/homePage.test.js",
        "file": "/test/homePage.test.js",
        "beforeHooks": [
          {
            "title": "\"before each\" hook",
            "fullTitle": "Google search automated testing \"before each\" hook",
            "timedOut": false,
            "duration": 1927,
            "pass": false,
            "fail": false,
            "pending": false,
            "code": "page = new Page();\ndriver = page.driver;\nawait page.visit('https://www.google.com/');",
            "err": {},
            "isRoot": false,
            "uuid": "3184f718-7254-40ce-af86-86969fbf66da",
            "isHook": true,
            "skipped": false
          }
        ],
        "afterHooks": [
          {
            "title": "\"after each\" hook",
            "fullTitle": "Google search automated testing \"after each\" hook",
            "timedOut": false,
            "duration": 52,
            "pass": false,
            "fail": false,
            "pending": false,
            "code": "await page.quit();",
            "err": {},
            "isRoot": false,
            "uuid": "34de0df0-a62f-4db5-ad79-420264603697",
            "isHook": true,
            "skipped": false
          }
        ],
        "tests": [
          {
            "title": "find the input box and google search button",
            "fullTitle": "Google search automated testing find the input box and google search button",
            "timedOut": false,
            "duration": 15003,
            "state": "failed",
            "pass": false,
            "fail": true,
            "pending": false,
            "code": "const result = await page.findInputAndButton();\nexpect(result.inputEnabled).to.equal(true);\nexpect(result.buttonText).to.include('Google');",
            "err": {
              "message": "TimeoutError: Looking for element\nWait timed out after 15002ms",
              "estack": "TimeoutError: Looking for element\nWait timed out after 15002ms\n    at /Users/huynguyen/Random_stuff/check_live_account/node_modules/selenium-webdriver/lib/webdriver.js:834:17\n    at runMicrotasks (<anonymous>)\n    at processTicksAndRejections (internal/process/task_queues.js:95:5)"
            },
            "isRoot": false,
            "uuid": "73395ee6-7693-4daf-9077-9c440b94b421",
            "isHook": false,
            "skipped": false
          },
          {
            "title": "put keyword in search box and click search button",
            "fullTitle": "Google search automated testing put keyword in search box and click search button",
            "timedOut": false,
            "duration": 15001,
            "state": "failed",
            "pass": false,
            "fail": true,
            "pending": false,
            "code": "const result = await page.submitKeywordAndGetResult();\nexpect(result.length).to.be.above(10);",
            "err": {
              "message": "TimeoutError: Looking for element\nWait timed out after 15000ms",
              "estack": "TimeoutError: Looking for element\nWait timed out after 15000ms\n    at /Users/huynguyen/Random_stuff/check_live_account/node_modules/selenium-webdriver/lib/webdriver.js:834:17\n    at runMicrotasks (<anonymous>)\n    at processTicksAndRejections (internal/process/task_queues.js:95:5)"
            },
            "isRoot": false,
            "uuid": "c1a3edb1-1871-4606-a641-21818120496d",
            "isHook": false,
            "skipped": false
          }
        ],
        "suites": [],
        "passes": [],
        "failures": [
          "73395ee6-7693-4daf-9077-9c440b94b421",
          "c1a3edb1-1871-4606-a641-21818120496d"
        ],
        "pending": [],
        "skipped": [],
        "duration": 30004,
        "root": false,
        "rootEmpty": false,
        "_timeout": 50000
      }
    ],
    "passes": [],
    "failures": [],
    "pending": [],
    "skipped": [],
    "duration": 0,
    "root": true,
    "rootEmpty": true,
    "_timeout": 2000
  },
  "copyrightYear": 2021
}